<?xml version="1.0" encoding="UTF-8"?>
<testng-results ignored="0" total="4" passed="3" failed="1" skipped="0">
  <reporter-output>
  </reporter-output>
  <suite started-at="2024-07-11T13:38:09 IST" name="Surefire suite" finished-at="2024-07-11T13:39:04 IST" duration-ms="55373">
    <groups>
    </groups>
    <test started-at="2024-07-11T13:38:09 IST" name="Surefire test" finished-at="2024-07-11T13:39:04 IST" duration-ms="55373">
      <class name="com.naukri.qa.Testcases.LoginTest">
        <test-method is-config="true" signature="setup()[pri:0, instance:com.naukri.qa.Testcases.LoginTest@6d2a209c]" started-at="2024-07-11T13:38:23 IST" name="setup" finished-at="2024-07-11T13:38:26 IST" duration-ms="2777" status="PASS">
          <reporter-output>
          </reporter-output>
        </test-method> <!-- setup -->
        <test-method signature="loginPage()[pri:0, instance:com.naukri.qa.Testcases.LoginTest@6d2a209c]" started-at="2024-07-11T13:38:26 IST" name="loginPage" finished-at="2024-07-11T13:38:37 IST" duration-ms="10508" status="PASS">
          <reporter-output>
          </reporter-output>
        </test-method> <!-- loginPage -->
        <test-method is-config="true" signature="terDown()[pri:0, instance:com.naukri.qa.Testcases.LoginTest@6d2a209c]" started-at="2024-07-11T13:38:37 IST" name="terDown" finished-at="2024-07-11T13:38:37 IST" duration-ms="207" status="PASS">
          <reporter-output>
          </reporter-output>
        </test-method> <!-- terDown -->
      </class> <!-- com.naukri.qa.Testcases.LoginTest -->
      <class name="com.naukri.qa.Testcases.HomePageTest">
        <test-method is-config="true" signature="setup()[pri:0, instance:com.naukri.qa.Testcases.HomePageTest@7b227d8d]" started-at="2024-07-11T13:38:09 IST" name="setup" finished-at="2024-07-11T13:38:18 IST" duration-ms="9096" status="PASS">
          <reporter-output>
          </reporter-output>
        </test-method> <!-- setup -->
        <test-method signature="clickOncompleteProfile()[pri:0, instance:com.naukri.qa.Testcases.HomePageTest@7b227d8d]" started-at="2024-07-11T13:38:18 IST" name="clickOncompleteProfile" finished-at="2024-07-11T13:38:23 IST" duration-ms="5360" status="PASS">
          <reporter-output>
          </reporter-output>
        </test-method> <!-- clickOncompleteProfile -->
        <test-method is-config="true" signature="tearDown()[pri:0, instance:com.naukri.qa.Testcases.HomePageTest@7b227d8d]" started-at="2024-07-11T13:38:23 IST" name="tearDown" finished-at="2024-07-11T13:38:23 IST" duration-ms="227" status="PASS">
          <reporter-output>
          </reporter-output>
        </test-method> <!-- tearDown -->
      </class> <!-- com.naukri.qa.Testcases.HomePageTest -->
      <class name="com.naukri.qa.Testcases.ProfileTest">
        <test-method is-config="true" signature="setup()[pri:0, instance:com.naukri.qa.Testcases.ProfileTest@75329a49]" started-at="2024-07-11T13:38:37 IST" name="setup" finished-at="2024-07-11T13:38:48 IST" duration-ms="11254" status="PASS">
          <reporter-output>
          </reporter-output>
        </test-method> <!-- setup -->
        <test-method signature="verifyProfileName()[pri:0, instance:com.naukri.qa.Testcases.ProfileTest@75329a49]" started-at="2024-07-11T13:38:48 IST" name="verifyProfileName" finished-at="2024-07-11T13:38:48 IST" duration-ms="289" status="FAIL">
          <exception class="java.lang.AssertionError">
            <message>
              <![CDATA[expected [Siddhant Sankar Parida] but found [Siddhant Sankar Parida.]]]>
            </message>
            <full-stacktrace>
              <![CDATA[java.lang.AssertionError: expected [Siddhant Sankar Parida] but found [Siddhant Sankar Parida.]
at org.testng.Assert.fail(Assert.java:110)
at org.testng.Assert.failNotEquals(Assert.java:1577)
at org.testng.Assert.assertEqualsImpl(Assert.java:149)
at org.testng.Assert.assertEquals(Assert.java:131)
at org.testng.Assert.assertEquals(Assert.java:655)
at org.testng.Assert.assertEquals(Assert.java:665)
at com.naukri.qa.Testcases.ProfileTest.verifyProfileName(ProfileTest.java:36)
at java.base/jdk.internal.reflect.NativeMethodAccessorImpl.invoke0(Native Method)
at java.base/jdk.internal.reflect.NativeMethodAccessorImpl.invoke(NativeMethodAccessorImpl.java:77)
at java.base/jdk.internal.reflect.DelegatingMethodAccessorImpl.invoke(DelegatingMethodAccessorImpl.java:43)
at java.base/java.lang.reflect.Method.invoke(Method.java:568)
at org.testng.internal.invokers.MethodInvocationHelper.invokeMethod(MethodInvocationHelper.java:139)
at org.testng.internal.invokers.TestInvoker.invokeMethod(TestInvoker.java:677)
at org.testng.internal.invokers.TestInvoker.invokeTestMethod(TestInvoker.java:221)
at org.testng.internal.invokers.MethodRunner.runInSequence(MethodRunner.java:50)
at org.testng.internal.invokers.TestInvoker$MethodInvocationAgent.invoke(TestInvoker.java:969)
at org.testng.internal.invokers.TestInvoker.invokeTestMethods(TestInvoker.java:194)
at org.testng.internal.invokers.TestMethodWorker.invokeTestMethods(TestMethodWorker.java:148)
at org.testng.internal.invokers.TestMethodWorker.run(TestMethodWorker.java:128)
at java.base/java.util.ArrayList.forEach(ArrayList.java:1511)
at org.testng.TestRunner.privateRun(TestRunner.java:829)
at org.testng.TestRunner.run(TestRunner.java:602)
at org.testng.SuiteRunner.runTest(SuiteRunner.java:437)
at org.testng.SuiteRunner.runSequentially(SuiteRunner.java:431)
at org.testng.SuiteRunner.privateRun(SuiteRunner.java:391)
at org.testng.SuiteRunner.run(SuiteRunner.java:330)
at org.testng.SuiteRunnerWorker.runSuite(SuiteRunnerWorker.java:52)
at org.testng.SuiteRunnerWorker.run(SuiteRunnerWorker.java:95)
at org.testng.TestNG.runSuitesSequentially(TestNG.java:1256)
at org.testng.TestNG.runSuitesLocally(TestNG.java:1176)
at org.testng.TestNG.runSuites(TestNG.java:1099)
at org.testng.TestNG.run(TestNG.java:1067)
at org.apache.maven.surefire.testng.TestNGExecutor.run(TestNGExecutor.java:155)
at org.apache.maven.surefire.testng.TestNGDirectoryTestSuite.executeMulti(TestNGDirectoryTestSuite.java:169)
at org.apache.maven.surefire.testng.TestNGDirectoryTestSuite.execute(TestNGDirectoryTestSuite.java:88)
at org.apache.maven.surefire.testng.TestNGProvider.invoke(TestNGProvider.java:137)
at org.apache.maven.surefire.booter.ForkedBooter.runSuitesInProcess(ForkedBooter.java:385)
at org.apache.maven.surefire.booter.ForkedBooter.execute(ForkedBooter.java:162)
at org.apache.maven.surefire.booter.ForkedBooter.run(ForkedBooter.java:507)
at org.apache.maven.surefire.booter.ForkedBooter.main(ForkedBooter.java:495)
]]>
            </full-stacktrace>
          </exception> <!-- java.lang.AssertionError -->
          <reporter-output>
          </reporter-output>
        </test-method> <!-- verifyProfileName -->
        <test-method is-config="true" signature="tearDown()[pri:0, instance:com.naukri.qa.Testcases.ProfileTest@75329a49]" started-at="2024-07-11T13:38:48 IST" name="tearDown" finished-at="2024-07-11T13:38:49 IST" duration-ms="228" status="PASS">
          <reporter-output>
          </reporter-output>
        </test-method> <!-- tearDown -->
        <test-method is-config="true" signature="setup()[pri:0, instance:com.naukri.qa.Testcases.ProfileTest@75329a49]" started-at="2024-07-11T13:38:49 IST" name="setup" finished-at="2024-07-11T13:38:57 IST" duration-ms="8865" status="PASS">
          <reporter-output>
          </reporter-output>
        </test-method> <!-- setup -->
        <test-method signature="verifyResumeheadlineDtl()[pri:0, instance:com.naukri.qa.Testcases.ProfileTest@75329a49]" started-at="2024-07-11T13:38:57 IST" name="verifyResumeheadlineDtl" finished-at="2024-07-11T13:39:04 IST" duration-ms="6311" status="PASS">
          <reporter-output>
          </reporter-output>
        </test-method> <!-- verifyResumeheadlineDtl -->
        <test-method is-config="true" signature="tearDown()[pri:0, instance:com.naukri.qa.Testcases.ProfileTest@75329a49]" started-at="2024-07-11T13:39:04 IST" name="tearDown" finished-at="2024-07-11T13:39:04 IST" duration-ms="224" status="PASS">
          <reporter-output>
          </reporter-output>
        </test-method> <!-- tearDown -->
      </class> <!-- com.naukri.qa.Testcases.ProfileTest -->
    </test> <!-- Surefire test -->
  </suite> <!-- Surefire suite -->
</testng-results>
